[debug] [2025-08-06T14:09:44.434Z] ----------------------------------------------------------------------
[debug] [2025-08-06T14:09:44.436Z] Command:       /nix/store/ws50yvm6vzlzf7jzz6n7xh4szddrack1-nodejs-20.19.1/bin/node /nix/store/fsdlxfaxdgx27856x49qycgdsyx5jxd3-firebase-tools-14.11.2/lib/node_modules/firebase-tools/lib/bin/firebase.js init hosting
[debug] [2025-08-06T14:09:44.437Z] CLI Version:   14.11.2
[debug] [2025-08-06T14:09:44.437Z] Platform:      linux
[debug] [2025-08-06T14:09:44.437Z] Node Version:  v20.19.1
[debug] [2025-08-06T14:09:44.437Z] Time:          Wed Aug 06 2025 14:09:44 GMT+0000 (Coordinated Universal Time)
[debug] [2025-08-06T14:09:44.438Z] ----------------------------------------------------------------------
[debug] 
[debug] [2025-08-06T14:09:44.912Z] > command requires scopes: ["email","openid","https://www.googleapis.com/auth/cloudplatformprojects.readonly","https://www.googleapis.com/auth/firebase","https://www.googleapis.com/auth/cloud-platform"]
[debug] [2025-08-06T14:09:44.913Z] > authorizing via signed-in user (ytcrash555@gmail.com)
[info] 
     ######## #### ########  ######## ########     ###     ######  ########
     ##        ##  ##     ## ##       ##     ##  ##   ##  ##       ##
     ######    ##  ########  ######   ########  #########  ######  ######
     ##        ##  ##    ##  ##       ##     ## ##     ##       ## ##
     ##       #### ##     ## ######## ########  ##     ##  ######  ########

You're about to initialize a Firebase project in this directory:

  /home/user/climbox-project

Before we get started, keep in mind:

  * You are initializing within an existing Firebase project directory

[info] 
=== Project Setup
[info] 
[info] First, let's associate this project directory with a Firebase project.
[info] You can create multiple project aliases by running firebase use --add, 
[info] but for now we'll just set up a default project.
[info] 
[debug] [2025-08-06T14:09:44.918Z] Using project from CLI flag: climbox-db
[debug] [2025-08-06T14:09:44.919Z] No OAuth tokens found
[debug] [2025-08-06T14:09:44.920Z] No OAuth tokens found
[debug] [2025-08-06T14:09:44.920Z] > command requires scopes: ["email","openid","https://www.googleapis.com/auth/cloudplatformprojects.readonly","https://www.googleapis.com/auth/firebase","https://www.googleapis.com/auth/cloud-platform"]
[debug] [2025-08-06T14:09:44.920Z] > authorizing via signed-in user (ytcrash555@gmail.com)
[debug] [2025-08-06T14:09:44.924Z] >>> [apiv2][query] GET https://firebase.googleapis.com/v1beta1/projects/climbox-db [none]
[debug] [2025-08-06T14:09:45.263Z] <<< [apiv2][status] GET https://firebase.googleapis.com/v1beta1/projects/climbox-db 200
[debug] [2025-08-06T14:09:45.263Z] <<< [apiv2][body] GET https://firebase.googleapis.com/v1beta1/projects/climbox-db {"projectId":"climbox-db","projectNumber":"591460058463","displayName":"climbox-db","name":"projects/climbox-db","resources":{"hostingSite":"climbox-db"},"state":"ACTIVE","etag":"1_c7255c03-49d1-4367-81e2-5f36483c9c8b"}
[info] i  Using project climbox-db (climbox-db) 
[info] 
=== Hosting Setup
[debug] [2025-08-06T14:09:45.286Z] No OAuth tokens found
[debug] [2025-08-06T14:09:45.286Z] No OAuth tokens found
[debug] [2025-08-06T14:09:45.286Z] > command requires scopes: ["email","openid","https://www.googleapis.com/auth/cloudplatformprojects.readonly","https://www.googleapis.com/auth/firebase","https://www.googleapis.com/auth/cloud-platform"]
[debug] [2025-08-06T14:09:45.286Z] > authorizing via signed-in user (ytcrash555@gmail.com)
[debug] [2025-08-06T14:09:45.286Z] >>> [apiv2][query] GET https://firebase.googleapis.com/v1beta1/projects/climbox-db [none]
[debug] [2025-08-06T14:09:45.525Z] <<< [apiv2][status] GET https://firebase.googleapis.com/v1beta1/projects/climbox-db 200
[debug] [2025-08-06T14:09:45.525Z] <<< [apiv2][body] GET https://firebase.googleapis.com/v1beta1/projects/climbox-db {"projectId":"climbox-db","projectNumber":"591460058463","displayName":"climbox-db","name":"projects/climbox-db","resources":{"hostingSite":"climbox-db"},"state":"ACTIVE","etag":"1_c7255c03-49d1-4367-81e2-5f36483c9c8b"}
[info] 
[info] Your public directory is the folder (relative to your project directory) that
[info] will contain Hosting assets to be uploaded with firebase deploy. If you
[info] have a build process for your assets, use your build's output directory.
[info] 
